[09-Apr-2016 18:28:23 UTC] PHP Parse error:  syntax error, unexpected '<' in /home/ubuntu/workspace/mariosFiles/customers.php on line 30
[09-Apr-2016 22:57:46 UTC] PHP Warning:  require_once(/home/ubuntu/workspace/mariosFiles/scripts/config.php): failed to open stream: No such file or directory in /home/ubuntu/workspace/mariosFiles/customers.php on line 3
[09-Apr-2016 22:57:46 UTC] PHP Stack trace:
[09-Apr-2016 22:57:46 UTC] PHP   1. {main}() /home/ubuntu/workspace/mariosFiles/customers.php:0
[09-Apr-2016 22:57:46 UTC] PHP Fatal error:  require_once(): Failed opening required '/home/ubuntu/workspace/mariosFiles/scripts/config.php' (include_path='.:/usr/share/php:/usr/share/pear') in /home/ubuntu/workspace/mariosFiles/customers.php on line 3
[09-Apr-2016 22:57:46 UTC] PHP Stack trace:
[09-Apr-2016 22:57:46 UTC] PHP   1. {main}() /home/ubuntu/workspace/mariosFiles/customers.php:0
[09-Apr-2016 22:57:50 UTC] PHP Warning:  require_once(/home/ubuntu/workspace/mariosFiles/scripts/config.php): failed to open stream: No such file or directory in /home/ubuntu/workspace/mariosFiles/customers.php on line 3
[09-Apr-2016 22:57:50 UTC] PHP Stack trace:
[09-Apr-2016 22:57:50 UTC] PHP   1. {main}() /home/ubuntu/workspace/mariosFiles/customers.php:0
[09-Apr-2016 22:57:50 UTC] PHP Fatal error:  require_once(): Failed opening required '/home/ubuntu/workspace/mariosFiles/scripts/config.php' (include_path='.:/usr/share/php:/usr/share/pear') in /home/ubuntu/workspace/mariosFiles/customers.php on line 3
[09-Apr-2016 22:57:50 UTC] PHP Stack trace:
[09-Apr-2016 22:57:50 UTC] PHP   1. {main}() /home/ubuntu/workspace/mariosFiles/customers.php:0
[10-Apr-2016 02:37:54 UTC] PHP Warning:  require_once(/home/ubuntu/workspace/mariosFiles/scripts/config.php): failed to open stream: No such file or directory in /home/ubuntu/workspace/mariosFiles/test.php on line 3
[10-Apr-2016 02:37:54 UTC] PHP Stack trace:
[10-Apr-2016 02:37:54 UTC] PHP   1. {main}() /home/ubuntu/workspace/mariosFiles/test.php:0
[10-Apr-2016 02:37:54 UTC] PHP Fatal error:  require_once(): Failed opening required '/home/ubuntu/workspace/mariosFiles/scripts/config.php' (include_path='.:/usr/share/php:/usr/share/pear') in /home/ubuntu/workspace/mariosFiles/test.php on line 3
[10-Apr-2016 02:37:54 UTC] PHP Stack trace:
[10-Apr-2016 02:37:54 UTC] PHP   1. {main}() /home/ubuntu/workspace/mariosFiles/test.php:0
[10-Apr-2016 02:38:12 UTC] PHP Warning:  require_once(/home/ubuntu/workspace/mariosFiles/scripts/config.php): failed to open stream: No such file or directory in /home/ubuntu/workspace/mariosFiles/test.php on line 3
[10-Apr-2016 02:38:12 UTC] PHP Stack trace:
[10-Apr-2016 02:38:12 UTC] PHP   1. {main}() /home/ubuntu/workspace/mariosFiles/test.php:0
[10-Apr-2016 02:38:12 UTC] PHP Fatal error:  require_once(): Failed opening required '/home/ubuntu/workspace/mariosFiles/scripts/config.php' (include_path='.:/usr/share/php:/usr/share/pear') in /home/ubuntu/workspace/mariosFiles/test.php on line 3
[10-Apr-2016 02:38:12 UTC] PHP Stack trace:
[10-Apr-2016 02:38:12 UTC] PHP   1. {main}() /home/ubuntu/workspace/mariosFiles/test.php:0
[10-Apr-2016 02:38:13 UTC] PHP Warning:  require_once(/home/ubuntu/workspace/mariosFiles/scripts/config.php): failed to open stream: No such file or directory in /home/ubuntu/workspace/mariosFiles/test.php on line 3
[10-Apr-2016 02:38:13 UTC] PHP Stack trace:
[10-Apr-2016 02:38:13 UTC] PHP   1. {main}() /home/ubuntu/workspace/mariosFiles/test.php:0
[10-Apr-2016 02:38:13 UTC] PHP Fatal error:  require_once(): Failed opening required '/home/ubuntu/workspace/mariosFiles/scripts/config.php' (include_path='.:/usr/share/php:/usr/share/pear') in /home/ubuntu/workspace/mariosFiles/test.php on line 3
[10-Apr-2016 02:38:13 UTC] PHP Stack trace:
[10-Apr-2016 02:38:13 UTC] PHP   1. {main}() /home/ubuntu/workspace/mariosFiles/test.php:0
[10-Apr-2016 02:50:52 UTC] PHP Warning:  require_once(/home/ubuntu/workspace/mariosFiles/scripts/config.php): failed to open stream: No such file or directory in /home/ubuntu/workspace/mariosFiles/test.php on line 3
[10-Apr-2016 02:50:52 UTC] PHP Stack trace:
[10-Apr-2016 02:50:52 UTC] PHP   1. {main}() /home/ubuntu/workspace/mariosFiles/test.php:0
[10-Apr-2016 02:50:52 UTC] PHP Fatal error:  require_once(): Failed opening required '/home/ubuntu/workspace/mariosFiles/scripts/config.php' (include_path='.:/usr/share/php:/usr/share/pear') in /home/ubuntu/workspace/mariosFiles/test.php on line 3
[10-Apr-2016 02:50:52 UTC] PHP Stack trace:
[10-Apr-2016 02:50:52 UTC] PHP   1. {main}() /home/ubuntu/workspace/mariosFiles/test.php:0
[10-Apr-2016 02:51:06 UTC] PHP Warning:  require_once(/home/ubuntu/workspace/mariosFiles/scripts/config.php): failed to open stream: No such file or directory in /home/ubuntu/workspace/mariosFiles/test.php on line 3
[10-Apr-2016 02:51:06 UTC] PHP Stack trace:
[10-Apr-2016 02:51:06 UTC] PHP   1. {main}() /home/ubuntu/workspace/mariosFiles/test.php:0
[10-Apr-2016 02:51:06 UTC] PHP Fatal error:  require_once(): Failed opening required '/home/ubuntu/workspace/mariosFiles/scripts/config.php' (include_path='.:/usr/share/php:/usr/share/pear') in /home/ubuntu/workspace/mariosFiles/test.php on line 3
[10-Apr-2016 02:51:06 UTC] PHP Stack trace:
[10-Apr-2016 02:51:06 UTC] PHP   1. {main}() /home/ubuntu/workspace/mariosFiles/test.php:0
[10-Apr-2016 02:51:15 UTC] PHP Warning:  require_once(/home/ubuntu/workspace/mariosFiles/scripts/config.php): failed to open stream: No such file or directory in /home/ubuntu/workspace/mariosFiles/test.php on line 3
[10-Apr-2016 02:51:16 UTC] PHP Stack trace:
[10-Apr-2016 02:51:16 UTC] PHP   1. {main}() /home/ubuntu/workspace/mariosFiles/test.php:0
[10-Apr-2016 02:51:16 UTC] PHP Fatal error:  require_once(): Failed opening required '/home/ubuntu/workspace/mariosFiles/scripts/config.php' (include_path='.:/usr/share/php:/usr/share/pear') in /home/ubuntu/workspace/mariosFiles/test.php on line 3
[10-Apr-2016 02:51:16 UTC] PHP Stack trace:
[10-Apr-2016 02:51:16 UTC] PHP   1. {main}() /home/ubuntu/workspace/mariosFiles/test.php:0
[10-Apr-2016 02:54:05 UTC] PHP Warning:  require_once(/home/ubuntu/workspace/mariosFiles/scripts/config.php): failed to open stream: No such file or directory in /home/ubuntu/workspace/mariosFiles/test.php on line 3
[10-Apr-2016 02:54:05 UTC] PHP Stack trace:
[10-Apr-2016 02:54:05 UTC] PHP   1. {main}() /home/ubuntu/workspace/mariosFiles/test.php:0
[10-Apr-2016 02:54:05 UTC] PHP Fatal error:  require_once(): Failed opening required '/home/ubuntu/workspace/mariosFiles/scripts/config.php' (include_path='.:/usr/share/php:/usr/share/pear') in /home/ubuntu/workspace/mariosFiles/test.php on line 3
[10-Apr-2016 02:54:05 UTC] PHP Stack trace:
[10-Apr-2016 02:54:05 UTC] PHP   1. {main}() /home/ubuntu/workspace/mariosFiles/test.php:0
[10-Apr-2016 02:55:19 UTC] PHP Warning:  require(mariosFiles/connect-db.php): failed to open stream: No such file or directory in /home/ubuntu/workspace/mariosFiles/test.php on line 2
[10-Apr-2016 02:55:19 UTC] PHP Stack trace:
[10-Apr-2016 02:55:19 UTC] PHP   1. {main}() /home/ubuntu/workspace/mariosFiles/test.php:0
[10-Apr-2016 02:55:19 UTC] PHP Fatal error:  require(): Failed opening required 'mariosFiles/connect-db.php' (include_path='.:/usr/share/php:/usr/share/pear') in /home/ubuntu/workspace/mariosFiles/test.php on line 2
[10-Apr-2016 02:55:19 UTC] PHP Stack trace:
[10-Apr-2016 02:55:19 UTC] PHP   1. {main}() /home/ubuntu/workspace/mariosFiles/test.php:0
[20-Apr-2016 22:49:24 UTC] PHP Warning:  require_once(/home/ubuntu/workspace/test/scripts/config.php): failed to open stream: No such file or directory in /home/ubuntu/workspace/test/giftShop.php on line 3
[20-Apr-2016 22:49:24 UTC] PHP Stack trace:
[20-Apr-2016 22:49:24 UTC] PHP   1. {main}() /home/ubuntu/workspace/test/giftShop.php:0
[20-Apr-2016 22:49:24 UTC] PHP Fatal error:  require_once(): Failed opening required '/home/ubuntu/workspace/test/scripts/config.php' (include_path='.:/usr/share/php:/usr/share/pear') in /home/ubuntu/workspace/test/giftShop.php on line 3
[20-Apr-2016 22:49:24 UTC] PHP Stack trace:
[20-Apr-2016 22:49:24 UTC] PHP   1. {main}() /home/ubuntu/workspace/test/giftShop.php:0
[20-Apr-2016 22:49:38 UTC] PHP Warning:  require_once(/home/ubuntu/workspace/test/scripts/config.php): failed to open stream: No such file or directory in /home/ubuntu/workspace/test/giftShop.php on line 3
[20-Apr-2016 22:49:38 UTC] PHP Stack trace:
[20-Apr-2016 22:49:38 UTC] PHP   1. {main}() /home/ubuntu/workspace/test/giftShop.php:0
[20-Apr-2016 22:49:38 UTC] PHP Fatal error:  require_once(): Failed opening required '/home/ubuntu/workspace/test/scripts/config.php' (include_path='.:/usr/share/php:/usr/share/pear') in /home/ubuntu/workspace/test/giftShop.php on line 3
[20-Apr-2016 22:49:38 UTC] PHP Stack trace:
[20-Apr-2016 22:49:38 UTC] PHP   1. {main}() /home/ubuntu/workspace/test/giftShop.php:0
[20-Apr-2016 22:50:27 UTC] PHP Parse error:  syntax error, unexpected '.' in /home/ubuntu/workspace/test/giftShop.php on line 3
[21-Apr-2016 22:25:33 UTC] PHP Fatal error:  Call to undefined function empyt() in /home/ubuntu/workspace/test/signUp.php on line 16
[21-Apr-2016 22:25:33 UTC] PHP Stack trace:
[21-Apr-2016 22:25:33 UTC] PHP   1. {main}() /home/ubuntu/workspace/test/signUp.php:0
[21-Apr-2016 22:25:53 UTC] PHP Fatal error:  Call to undefined function empyt() in /home/ubuntu/workspace/test/signUp.php on line 16
[21-Apr-2016 22:25:53 UTC] PHP Stack trace:
[21-Apr-2016 22:25:53 UTC] PHP   1. {main}() /home/ubuntu/workspace/test/signUp.php:0
[21-Apr-2016 22:25:56 UTC] PHP Fatal error:  Call to undefined function empyt() in /home/ubuntu/workspace/test/signUp.php on line 16
[21-Apr-2016 22:25:56 UTC] PHP Stack trace:
[21-Apr-2016 22:25:56 UTC] PHP   1. {main}() /home/ubuntu/workspace/test/signUp.php:0
[22-Apr-2016 02:15:25 UTC] PHP Parse error:  syntax error, unexpected '{' in /home/ubuntu/workspace/test/processingPage.php on line 34
[22-Apr-2016 02:18:21 UTC] PHP Parse error:  syntax error, unexpected '{' in /home/ubuntu/workspace/test/processingPage.php on line 34
[22-Apr-2016 02:34:50 UTC] PHP Parse error:  syntax error, unexpected ']' in /home/ubuntu/workspace/test/processingPage.php on line 37
[22-Apr-2016 03:53:16 UTC] PHP Fatal error:  Call to a member function prepare() on a non-object in /home/ubuntu/workspace/test/processingPage.php on line 76
[22-Apr-2016 03:53:16 UTC] PHP Stack trace:
[22-Apr-2016 03:53:16 UTC] PHP   1. {main}() /home/ubuntu/workspace/test/processingPage.php:0
[22-Apr-2016 04:02:17 UTC] PHP Fatal error:  Call to a member function prepare() on a non-object in /home/ubuntu/workspace/test/processingPage.php on line 76
[22-Apr-2016 04:02:17 UTC] PHP Stack trace:
[22-Apr-2016 04:02:17 UTC] PHP   1. {main}() /home/ubuntu/workspace/test/processingPage.php:0
[22-Apr-2016 04:10:28 UTC] PHP Fatal error:  Call to a member function prepare() on a non-object in /home/ubuntu/workspace/test/processingPage.php on line 76
[22-Apr-2016 04:10:28 UTC] PHP Stack trace:
[22-Apr-2016 04:10:28 UTC] PHP   1. {main}() /home/ubuntu/workspace/test/processingPage.php:0
[22-Apr-2016 04:11:04 UTC] PHP Fatal error:  Uncaught exception 'PDOException' with message 'SQLSTATE[23000]: Integrity constraint violation: 1452 Cannot add or update a child row: a foreign key constraint fails (`zoo`.`customer`, CONSTRAINT `customer_ibfk_3` FOREIGN KEY (`CreatedBy`) REFERENCES `Staff` (`staffID`) ON DELETE NO ACTION ON UPDATE CASCADE)' in /home/ubuntu/workspace/test/processingPage.php:80
Stack trace:
#0 /home/ubuntu/workspace/test/processingPage.php(80): PDOStatement->execute()
#1 {main}
  thrown in /home/ubuntu/workspace/test/processingPage.php on line 80
[22-Apr-2016 04:31:32 UTC] PHP Fatal error:  Uncaught exception 'PDOException' with message 'SQLSTATE[23000]: Integrity constraint violation: 1452 Cannot add or update a child row: a foreign key constraint fails (`zoo`.`customer`, CONSTRAINT `customer_ibfk_3` FOREIGN KEY (`CreatedBy`) REFERENCES `Staff` (`staffID`) ON DELETE NO ACTION ON UPDATE CASCADE)' in /home/ubuntu/workspace/test/processingPage.php:80
Stack trace:
#0 /home/ubuntu/workspace/test/processingPage.php(80): PDOStatement->execute()
#1 {main}
  thrown in /home/ubuntu/workspace/test/processingPage.php on line 80
[22-Apr-2016 04:32:45 UTC] PHP Fatal error:  Uncaught exception 'PDOException' with message 'SQLSTATE[23000]: Integrity constraint violation: 1452 Cannot add or update a child row: a foreign key constraint fails (`zoo`.`customer`, CONSTRAINT `customer_ibfk_3` FOREIGN KEY (`CreatedBy`) REFERENCES `Staff` (`staffID`) ON DELETE NO ACTION ON UPDATE CASCADE)' in /home/ubuntu/workspace/test/processingPage.php:80
Stack trace:
#0 /home/ubuntu/workspace/test/processingPage.php(80): PDOStatement->execute()
#1 {main}
  thrown in /home/ubuntu/workspace/test/processingPage.php on line 80
[22-Apr-2016 05:34:00 UTC] PHP Fatal error:  Uncaught exception 'PDOException' with message 'SQLSTATE[21S01]: Insert value list does not match column list: 1136 Column count doesn't match value count at row 1' in /home/ubuntu/workspace/test/processingPage.php:74
Stack trace:
#0 /home/ubuntu/workspace/test/processingPage.php(74): PDOStatement->execute()
#1 {main}
  thrown in /home/ubuntu/workspace/test/processingPage.php on line 74
[22-Apr-2016 05:41:38 UTC] PHP Fatal error:  Uncaught exception 'PDOException' with message 'SQLSTATE[21S01]: Insert value list does not match column list: 1136 Column count doesn't match value count at row 1' in /home/ubuntu/workspace/test/processingPage.php:77
Stack trace:
#0 /home/ubuntu/workspace/test/processingPage.php(77): PDOStatement->execute()
#1 {main}
  thrown in /home/ubuntu/workspace/test/processingPage.php on line 77
[22-Apr-2016 05:43:37 UTC] PHP Warning:  date() expects at least 1 parameter, 0 given in /home/ubuntu/workspace/test/processingPage.php on line 68
[22-Apr-2016 05:43:37 UTC] PHP Stack trace:
[22-Apr-2016 05:43:37 UTC] PHP   1. {main}() /home/ubuntu/workspace/test/processingPage.php:0
[22-Apr-2016 05:43:37 UTC] PHP   2. date() /home/ubuntu/workspace/test/processingPage.php:68
[22-Apr-2016 05:43:37 UTC] PHP Fatal error:  Uncaught exception 'PDOException' with message 'SQLSTATE[21S01]: Insert value list does not match column list: 1136 Column count doesn't match value count at row 1' in /home/ubuntu/workspace/test/processingPage.php:77
Stack trace:
#0 /home/ubuntu/workspace/test/processingPage.php(77): PDOStatement->execute()
#1 {main}
  thrown in /home/ubuntu/workspace/test/processingPage.php on line 77
[22-Apr-2016 05:49:29 UTC] PHP Fatal error:  Uncaught exception 'PDOException' with message 'SQLSTATE[21S01]: Insert value list does not match column list: 1136 Column count doesn't match value count at row 1' in /home/ubuntu/workspace/test/processingPage.php:77
Stack trace:
#0 /home/ubuntu/workspace/test/processingPage.php(77): PDOStatement->execute()
#1 {main}
  thrown in /home/ubuntu/workspace/test/processingPage.php on line 77
[22-Apr-2016 15:37:50 UTC] PHP Fatal error:  Uncaught exception 'PDOException' with message 'SQLSTATE[23000]: Integrity constraint violation: 1062 Duplicate entry '' for key 'username'' in /home/ubuntu/workspace/test/processingPage.php:83
Stack trace:
#0 /home/ubuntu/workspace/test/processingPage.php(83): PDOStatement->execute()
#1 {main}
  thrown in /home/ubuntu/workspace/test/processingPage.php on line 83
[23-Apr-2016 00:23:35 UTC] PHP Fatal error:  Uncaught exception 'PDOException' with message 'SQLSTATE[42S22]: Column not found: 1054 Unknown column 'item' in 'field list'' in /home/ubuntu/workspace/test/giftShop.php:73
Stack trace:
#0 /home/ubuntu/workspace/test/giftShop.php(73): PDOStatement->execute()
#1 {main}
  thrown in /home/ubuntu/workspace/test/giftShop.php on line 73
[23-Apr-2016 00:23:38 UTC] PHP Fatal error:  Uncaught exception 'PDOException' with message 'SQLSTATE[42S22]: Column not found: 1054 Unknown column 'item' in 'field list'' in /home/ubuntu/workspace/test/giftShop.php:73
Stack trace:
#0 /home/ubuntu/workspace/test/giftShop.php(73): PDOStatement->execute()
#1 {main}
  thrown in /home/ubuntu/workspace/test/giftShop.php on line 73
[24-Apr-2016 02:51:04 UTC] PHP Fatal error:  Uncaught exception 'PDOException' with message 'SQLSTATE[42S22]: Column not found: 1054 Unknown column 'item' in 'field list'' in /home/ubuntu/workspace/test/giftShop.php:73
Stack trace:
#0 /home/ubuntu/workspace/test/giftShop.php(73): PDOStatement->execute()
#1 {main}
  thrown in /home/ubuntu/workspace/test/giftShop.php on line 73
[24-Apr-2016 23:32:52 UTC] PHP Fatal error:  Uncaught exception 'PDOException' with message 'SQLSTATE[42S22]: Column not found: 1054 Unknown column 'item' in 'field list'' in /home/ubuntu/workspace/test/giftShop.php:73
Stack trace:
#0 /home/ubuntu/workspace/test/giftShop.php(73): PDOStatement->execute()
#1 {main}
  thrown in /home/ubuntu/workspace/test/giftShop.php on line 73
[25-Apr-2016 06:09:52 UTC] PHP Fatal error:  Uncaught exception 'PDOException' with message 'SQLSTATE[42S22]: Column not found: 1054 Unknown column 'item' in 'field list'' in /home/ubuntu/workspace/test/giftShop.php:73
Stack trace:
#0 /home/ubuntu/workspace/test/giftShop.php(73): PDOStatement->execute()
#1 {main}
  thrown in /home/ubuntu/workspace/test/giftShop.php on line 73
[25-Apr-2016 06:13:49 UTC] PHP Fatal error:  Uncaught exception 'PDOException' with message 'SQLSTATE[23000]: Integrity constraint violation: 1062 Duplicate entry '' for key 'username'' in /home/ubuntu/workspace/test/processingPage.php:83
Stack trace:
#0 /home/ubuntu/workspace/test/processingPage.php(83): PDOStatement->execute()
#1 {main}
  thrown in /home/ubuntu/workspace/test/processingPage.php on line 83
